<?xml version="1.0" encoding="UTF-8"?>
<!-- Generated by org.testng.reporters.JUnitXMLReporter -->
<testsuite ignored="0" hostname="DESKTOP-N0KA2FS" failures="0" tests="3" name="Default test" time="17.906" errors="0" timestamp="2023-09-26T16:15:20 IST">
  <testcase classname="com.TitanDef.TitanDef_Automation.Login" name="testLogin" time="7.481"/>
  <testcase classname="com.TitanDef.TitanDef_Automation.Login" name="testLogin" time="0.001">
    <skipped/>
  </testcase> <!-- testLogin -->
  <testcase classname="com.TitanDef.TitanDef_Automation.Login" name="testLogin" time="8.686"/>
</testsuite> <!-- Default test -->
